<?xml version="1.0" encoding="UTF-8"?>
<testsuite name="es.unizar.webeng.hello.IntegrationTest" tests="6" skipped="0" failures="0" errors="0" timestamp="2026-09-15T11:29:19.967Z" hostname="raul-ZenBook-UX433FA" time="5.173">
  <properties/>
  <testcase name="should return API response with timestamp()" classname="es.unizar.webeng.hello.IntegrationTest" time="1.158"/>
  <testcase name="should serve Bootstrap CSS correctly()" classname="es.unizar.webeng.hello.IntegrationTest" time="0.027"/>
  <testcase name="should display client-side HTTP debug interface()" classname="es.unizar.webeng.hello.IntegrationTest" time="0.286"/>
  <testcase name="should expose actuator health endpoint()" classname="es.unizar.webeng.hello.IntegrationTest" time="0.042"/>
  <testcase name="should return home page with modern title and client-side HTTP debug()" classname="es.unizar.webeng.hello.IntegrationTest" time="0.02"/>
  <testcase name="should return personalized greeting when name is provided()" classname="es.unizar.webeng.hello.IntegrationTest" time="0.022"/>
  <system-out><![CDATA[13:29:20.125 [Test worker] INFO org.springframework.test.context.support.AnnotationConfigContextLoaderUtils -- Could not detect default configuration classes for test class [es.unizar.webeng.hello.IntegrationTest]: IntegrationTest does not declare any static, non-private, non-final, nested classes annotated with @Configuration.
13:29:20.255 [Test worker] INFO org.springframework.boot.test.context.SpringBootTestContextBootstrapper -- Found @SpringBootConfiguration es.unizar.webeng.hello.Application for test class es.unizar.webeng.hello.IntegrationTest
13:29:20.340 [Test worker] INFO org.springframework.test.context.support.AnnotationConfigContextLoaderUtils -- Could not detect default configuration classes for test class [es.unizar.webeng.hello.IntegrationTest]: IntegrationTest does not declare any static, non-private, non-final, nested classes annotated with @Configuration.
13:29:20.344 [Test worker] INFO org.springframework.boot.test.context.SpringBootTestContextBootstrapper -- Found @SpringBootConfiguration es.unizar.webeng.hello.Application for test class es.unizar.webeng.hello.IntegrationTest

  .   ____          _            __ _ _
 /\\ / ___'_ __ _ _(_)_ __  __ _ \ \ \ \
( ( )\___ | '_ | '_| | '_ \/ _` | \ \ \ \
 \\/  ___)| |_)| | | | | || (_| |  ) ) ) )
  '  |____| .__|_| |_|_| |_\__, | / / / /
 =========|_|==============|___/=/_/_/_/

 :: Spring Boot ::                (v4.1.0)

2026-09-15 13:29:20 - Starting IntegrationTest using Java 25.0.4.1 with PID 45412 (started by raul in /home/raul/Universidad/Cuarto/IngWeb/P1)
2026-09-15 13:29:20 - Running with Spring Boot v4.1.0, Spring v7.0.8
2026-09-15 13:29:20 - No active profile set, falling back to 1 default profile: "default"
2026-09-15 13:29:22 - Tomcat initialized with port 0 (http)
2026-09-15 13:29:22 - Starting service [Tomcat]
2026-09-15 13:29:22 - Starting Servlet engine: [Apache Tomcat/11.0.22]
2026-09-15 13:29:22 - Root WebApplicationContext: initialization completed in 1362 ms
2026-09-15 13:29:23 - Exposing 3 endpoints beneath base path '/actuator'
2026-09-15 13:29:23 - Tomcat started on port 37631 (http) with context path '/'
2026-09-15 13:29:23 - Started IntegrationTest in 3.057 seconds (process running for 4.591)
2026-09-15 13:29:24 - Initializing Spring DispatcherServlet 'dispatcherServlet'
2026-09-15 13:29:24 - Initializing Servlet 'dispatcherServlet'
2026-09-15 13:29:24 - Completed initialization in 1 ms
]]></system-out>
  <system-err><![CDATA[Mockito is currently self-attaching to enable the inline-mock-maker. This will no longer work in future releases of the JDK. Please add Mockito as an agent to your build as described in Mockito's documentation: https://javadoc.io/doc/org.mockito/mockito-core/latest/org.mockito/org/mockito/Mockito.html#0.3
WARNING: A Java agent has been loaded dynamically (/home/raul/.gradle/caches/modules-2/files-2.1/net.bytebuddy/byte-buddy-agent/1.18.10/9426d28828bdcdf42666bb7a68c468279ea78f59/byte-buddy-agent-1.18.10.jar)
WARNING: If a serviceability tool is in use, please run with -XX:+EnableDynamicAgentLoading to hide this warning
WARNING: If a serviceability tool is not in use, please run with -Djdk.instrument.traceUsage for more information
WARNING: Dynamic loading of agents will be disallowed by default in a future release
]]></system-err>
</testsuite>
