<?xml version="1.0" encoding="UTF-8"?>
<testsuite name="es.unizar.webeng.hello.controller.HelloControllerUnitTests" tests="3" skipped="0" failures="0" errors="0" timestamp="2026-09-15T11:29:25.630Z" hostname="raul-ZenBook-UX433FA" time="0.01">
  <properties/>
  <testcase name="should return welcome view with personalized message()" classname="es.unizar.webeng.hello.controller.HelloControllerUnitTests" time="0.002"/>
  <testcase name="should return API response with timestamp()" classname="es.unizar.webeng.hello.controller.HelloControllerUnitTests" time="0.006"/>
  <testcase name="should return welcome view with default message()" classname="es.unizar.webeng.hello.controller.HelloControllerUnitTests" time="0.001"/>
  <system-out><![CDATA[]]></system-out>
  <system-err><![CDATA[]]></system-err>
</testsuite>
