<?xml version="1.0" encoding="UTF-8"?>
<testsuite name="es.unizar.webeng.hello.controller.HelloControllerMVCTests" tests="4" skipped="0" failures="0" errors="0" timestamp="2026-09-22T07:22:55.569Z" hostname="raul-ZenBook-UX433FA" time="0.486">
  <properties/>
  <testcase name="should return API response as JSON()" classname="es.unizar.webeng.hello.controller.HelloControllerMVCTests" time="0.063"/>
  <testcase name="should return time-dependent greeting and Madrid timestamp as JSON()" classname="es.unizar.webeng.hello.controller.HelloControllerMVCTests" time="0.046"/>
  <testcase name="should return home page with default message()" classname="es.unizar.webeng.hello.controller.HelloControllerMVCTests" time="0.048"/>
  <testcase name="should return home page with personalized message()" classname="es.unizar.webeng.hello.controller.HelloControllerMVCTests" time="0.019"/>
  <system-out><![CDATA[2026-09-22 09:22:55 - Could not detect default configuration classes for test class [es.unizar.webeng.hello.controller.HelloControllerMVCTests]: HelloControllerMVCTests does not declare any static, non-private, non-final, nested classes annotated with @Configuration.
2026-09-22 09:22:55 - Using ContextCustomizerFactory implementations for test class [HelloControllerMVCTests]: [WebDriverContextCustomizerFactory, SpringBootTestRandomPortContextCustomizerFactory, OnFailureConditionReportContextCustomizerFactory, OverrideAutoConfigurationContextCustomizerFactory, ImportsContextCustomizerFactory, PropertyMappingContextCustomizerFactory, ExcludeFilterContextCustomizerFactory, TypeExcludeFiltersContextCustomizerFactory, DisableReactorResourceFactoryGlobalResourcesContextCustomizerFactory, DuplicateJsonObjectContextCustomizerFactory, BeanOverrideContextCustomizerFactory, MockServerContainerContextCustomizerFactory, DynamicPropertiesContextCustomizerFactory]
2026-09-22 09:22:55 - Using ContextCustomizers for test class [HelloControllerMVCTests]: [WebDriverContextCustomizer, SpringBootTestRandomPortContextCustomizer, OnFailureConditionReportContextCustomizer, DisableAutoConfigurationContextCustomizer, ImportsContextCustomizer, PropertyMappingContextCustomizer, ExcludeFilterContextCustomizer, TypeExcludeFiltersContextCustomizer, DuplicateJsonObjectContextCustomizer, DynamicPropertiesContextCustomizer]
2026-09-22 09:22:55 - Found @SpringBootConfiguration es.unizar.webeng.hello.Application for test class es.unizar.webeng.hello.controller.HelloControllerMVCTests
2026-09-22 09:22:55 - Could not detect default configuration classes for test class [es.unizar.webeng.hello.controller.HelloControllerMVCTests]: HelloControllerMVCTests does not declare any static, non-private, non-final, nested classes annotated with @Configuration.
2026-09-22 09:22:55 - Using ContextCustomizerFactory implementations for test class [HelloControllerMVCTests]: [WebDriverContextCustomizerFactory, SpringBootTestRandomPortContextCustomizerFactory, OnFailureConditionReportContextCustomizerFactory, OverrideAutoConfigurationContextCustomizerFactory, ImportsContextCustomizerFactory, PropertyMappingContextCustomizerFactory, ExcludeFilterContextCustomizerFactory, TypeExcludeFiltersContextCustomizerFactory, DisableReactorResourceFactoryGlobalResourcesContextCustomizerFactory, DuplicateJsonObjectContextCustomizerFactory, BeanOverrideContextCustomizerFactory, MockServerContainerContextCustomizerFactory, DynamicPropertiesContextCustomizerFactory]
2026-09-22 09:22:55 - Using ContextCustomizers for test class [HelloControllerMVCTests]: [WebDriverContextCustomizer, SpringBootTestRandomPortContextCustomizer, OnFailureConditionReportContextCustomizer, DisableAutoConfigurationContextCustomizer, ImportsContextCustomizer, PropertyMappingContextCustomizer, ExcludeFilterContextCustomizer, TypeExcludeFiltersContextCustomizer, DuplicateJsonObjectContextCustomizer, DynamicPropertiesContextCustomizer]
2026-09-22 09:22:55 - Found @SpringBootConfiguration es.unizar.webeng.hello.Application for test class es.unizar.webeng.hello.controller.HelloControllerMVCTests
2026-09-22 09:22:55 - Neither @ContextConfiguration nor @ContextHierarchy found for test class [HelloControllerMVCTests]: using SpringBootContextLoader
2026-09-22 09:22:55 - Using TestExecutionListeners for test class [HelloControllerMVCTests]: [ServletTestExecutionListener, DirtiesContextBeforeModesTestExecutionListener, ApplicationEventsTestExecutionListener, BeanOverrideTestExecutionListener, DependencyInjectionTestExecutionListener, DirtiesContextTestExecutionListener, CommonCachesTestExecutionListener, EventPublishingTestExecutionListener, MockMvcPrintOnlyOnFailureTestExecutionListener, WebDriverTestExecutionListener, MockitoResetTestExecutionListener]

  .   ____          _            __ _ _
 /\\ / ___'_ __ _ _(_)_ __  __ _ \ \ \ \
( ( )\___ | '_ | '_| | '_ \/ _` | \ \ \ \
 \\/  ___)| |_)| | | | | || (_| |  ) ) ) )
  '  |____| .__|_| |_|_| |_\__, | / / / /
 =========|_|==============|___/=/_/_/_/

 :: Spring Boot ::                (v4.1.0)

2026-09-22 09:22:55 - Starting HelloControllerMVCTests using Java 25.0.4.1 with PID 23785 (started by raul in /home/raul/Universidad/Cuarto/IngWeb/P1)
2026-09-22 09:22:55 - Running with Spring Boot v4.1.0, Spring v7.0.8
2026-09-22 09:22:55 - No active profile set, falling back to 1 default profile: "default"
2026-09-22 09:22:55 - Loading source class es.unizar.webeng.hello.Application
2026-09-22 09:22:55 - Refreshing org.springframework.web.context.support.GenericWebApplicationContext@4645a575
2026-09-22 09:22:55 - @EnableAutoConfiguration was declared on a class in the package 'es.unizar.webeng.hello'. Automatic @Repository and @Entity scanning is enabled.
2026-09-22 09:22:55 - 5 mappings in 'requestMappingHandlerMapping'
2026-09-22 09:22:55 - Patterns [/webjars/**, /**] in 'resourceHandlerMapping'
2026-09-22 09:22:55 - ControllerAdvice beans: 0 @ModelAttribute, 0 @InitBinder, 2 RequestBodyAdvice, 1 ResponseBodyAdvice
2026-09-22 09:22:55 - ControllerAdvice beans: 0 @ExceptionHandler, 1 ResponseBodyAdvice
2026-09-22 09:22:55 - Mapping filters: resourceUrlEncodingFilter urls=[/*] order=2147483647, characterEncodingFilter urls=[/*] order=-2147483648, formContentFilter urls=[/*] order=-9900, requestContextFilter urls=[/*] order=-105
2026-09-22 09:22:55 - Mapping servlets: 
2026-09-22 09:22:55 - Filter 'characterEncodingFilter' configured for use
2026-09-22 09:22:55 - Filter 'formContentFilter' configured for use
2026-09-22 09:22:55 - Filter 'requestContextFilter' configured for use
2026-09-22 09:22:55 - Filter 'resourceUrlEncodingFilter' configured for use
2026-09-22 09:22:55 - Initializing Spring TestDispatcherServlet ''
2026-09-22 09:22:55 - Initializing Servlet ''
2026-09-22 09:22:55 - Completed initialization in 2 ms
2026-09-22 09:22:55 - 


============================
CONDITIONS EVALUATION REPORT
============================


Positive matches:
-----------------

   ErrorMvcAutoConfiguration matched:
      - @ConditionalOnClass found required classes 'jakarta.servlet.Servlet', 'org.springframework.web.servlet.DispatcherServlet' (OnClassCondition)
      - found 'session' scope (OnWebApplicationCondition)

   ErrorMvcAutoConfiguration#basicErrorController matched:
      - @ConditionalOnMissingBean (types: org.springframework.boot.webmvc.error.ErrorController; SearchStrategy: current) did not find any beans (OnBeanCondition)

   ErrorMvcAutoConfiguration#errorAttributes matched:
      - @ConditionalOnMissingBean (types: org.springframework.boot.webmvc.error.ErrorAttributes; SearchStrategy: current) did not find any beans (OnBeanCondition)

   ErrorMvcAutoConfiguration.WhitelabelErrorViewConfiguration matched:
      - @ConditionalOnBooleanProperty (spring.web.error.whitelabel.enabled=true) matched (OnPropertyCondition)
      - ErrorTemplate Missing did not find error template view (ErrorMvcAutoConfiguration.ErrorTemplateMissingCondition)

   ErrorMvcAutoConfiguration.WhitelabelErrorViewConfiguration#beanNameViewResolver matched:
      - @ConditionalOnMissingBean (types: org.springframework.web.servlet.view.BeanNameViewResolver; SearchStrategy: all) did not find any beans (OnBeanCondition)

   ErrorMvcAutoConfiguration.WhitelabelErrorViewConfiguration#defaultErrorView matched:
      - @ConditionalOnMissingBean (names: error; SearchStrategy: all) did not find any beans (OnBeanCondition)

   HttpEncodingAutoConfiguration matched:
      - @ConditionalOnClass found required class 'org.springframework.web.filter.CharacterEncodingFilter' (OnClassCondition)
      - found 'session' scope (OnWebApplicationCondition)
      - @ConditionalOnBooleanProperty (spring.servlet.encoding.enabled=true) matched (OnPropertyCondition)

   HttpEncodingAutoConfiguration#characterEncodingFilter matched:
      - @ConditionalOnMissingBean (types: org.springframework.web.filter.CharacterEncodingFilter; SearchStrategy: all) did not find any beans (OnBeanCondition)

   HttpMessageConvertersAutoConfiguration matched:
      - @ConditionalOnClass found required class 'org.springframework.http.converter.HttpMessageConverter' (OnClassCondition)
      - NoneNestedConditions 0 matched 1 did not; NestedCondition on HttpMessageConvertersAutoConfiguration.NotReactiveWebApplicationCondition.ReactiveWebApplication did not find reactive web application classes (HttpMessageConvertersAutoConfiguration.NotReactiveWebApplicationCondition)

   HttpMessageConvertersAutoConfiguration.StringHttpMessageConverterConfiguration#stringHttpMessageConvertersCustomizer matched:
      - @ConditionalOnMissingBean (types: org.springframework.http.converter.StringHttpMessageConverter; SearchStrategy: all) did not find any beans (OnBeanCondition)

   JacksonAutoConfiguration matched:
      - @ConditionalOnClass found required class 'tools.jackson.databind.json.JsonMapper' (OnClassCondition)

   JacksonAutoConfiguration#jacksonJsonMapper matched:
      - @ConditionalOnMissingBean (types: tools.jackson.databind.json.JsonMapper; SearchStrategy: all) did not find any beans (OnBeanCondition)

   JacksonAutoConfiguration#jsonFactory matched:
      - @ConditionalOnMissingBean (types: tools.jackson.core.json.JsonFactory; SearchStrategy: all) did not find any beans (OnBeanCondition)

   JacksonAutoConfiguration#jsonMapperBuilder matched:
      - @ConditionalOnMissingBean (types: tools.jackson.databind.json.JsonMapper$Builder; SearchStrategy: all) did not find any beans (OnBeanCondition)

   JacksonAutoConfiguration.JsonProblemDetailsConfiguration matched:
      - @ConditionalOnClass found required class 'org.springframework.http.ProblemDetail' (OnClassCondition)

   JacksonHttpMessageConvertersConfiguration.JacksonJsonHttpMessageConverterConfiguration matched:
      - @ConditionalOnClass found required class 'tools.jackson.databind.json.JsonMapper' (OnClassCondition)
      - @ConditionalOnProperty (spring.http.converters.preferred-json-mapper=jackson) matched (OnPropertyCondition)
      - @ConditionalOnBean (types: tools.jackson.databind.json.JsonMapper; SearchStrategy: all) found bean 'jacksonJsonMapper' (OnBeanCondition)

   JacksonHttpMessageConvertersConfiguration.JacksonJsonHttpMessageConverterConfiguration#jacksonJsonHttpMessageConvertersCustomizer matched:
      - @ConditionalOnMissingBean (types: org.springframework.http.converter.json.JacksonJsonHttpMessageConverter ignored: org.springframework.hateoas.server.mvc.TypeConstrainedJacksonJsonHttpMessageConverter,org.springframework.data.rest.webmvc.alps.AlpsJacksonJsonHttpMessageConverter; SearchStrategy: all) did not find any beans (OnBeanCondition)

   MockMvcAutoConfiguration matched:
      - found 'session' scope (OnWebApplicationCondition)

   MockMvcAutoConfiguration#dispatcherServlet matched:
      - @ConditionalOnMissingBean (types: org.springframework.web.servlet.DispatcherServlet; SearchStrategy: all) did not find any beans (OnBeanCondition)

   MockMvcAutoConfiguration#dispatcherServletPath matched:
      - @ConditionalOnMissingBean (types: org.springframework.boot.webmvc.autoconfigure.DispatcherServletPath; SearchStrategy: all) did not find any beans (OnBeanCondition)

   MockMvcConfiguration#mockMvc matched:
      - @ConditionalOnMissingBean (types: org.springframework.test.web.servlet.MockMvc; SearchStrategy: all) did not find any beans (OnBeanCondition)

   MockMvcConfiguration#mockMvcBuilder matched:
      - @ConditionalOnMissingBean (types: org.springframework.test.web.servlet.MockMvcBuilder; SearchStrategy: all) did not find any beans (OnBeanCondition)

   MockMvcTesterConfiguration matched:
      - @ConditionalOnClass found required class 'org.assertj.core.api.Assert' (OnClassCondition)

   MockMvcTesterConfiguration#mockMvcTester matched:
      - @ConditionalOnMissingBean (types: org.springframework.test.web.servlet.assertj.MockMvcTester; SearchStrategy: all) did not find any beans (OnBeanCondition)

   TaskExecutionAutoConfiguration matched:
      - @ConditionalOnClass found required class 'org.springframework.scheduling.concurrent.ThreadPoolTaskExecutor' (OnClassCondition)

   TaskExecutorConfigurations.AsyncConfigurerConfiguration matched:
      - @ConditionalOnMissingBean (types: org.springframework.scheduling.annotation.AsyncConfigurer; SearchStrategy: all) did not find any beans (OnBeanCondition)

   TaskExecutorConfigurations.SimpleAsyncTaskExecutorBuilderConfiguration#simpleAsyncTaskExecutorBuilder matched:
      - @ConditionalOnMissingBean (types: org.springframework.boot.task.SimpleAsyncTaskExecutorBuilder; SearchStrategy: all) did not find any beans (OnBeanCondition)
      - @ConditionalOnThreading found PLATFORM (OnThreadingCondition)

   TaskExecutorConfigurations.TaskExecutorConfiguration matched:
      - AnyNestedCondition 1 matched 1 did not; NestedCondition on TaskExecutorConfigurations.OnExecutorCondition.ModelCondition @ConditionalOnProperty (spring.task.execution.mode=force) did not find property 'spring.task.execution.mode'; NestedCondition on TaskExecutorConfigurations.OnExecutorCondition.ExecutorBeanCondition @ConditionalOnMissingBean (types: java.util.concurrent.Executor; SearchStrategy: all) did not find any beans (TaskExecutorConfigurations.OnExecutorCondition)

   TaskExecutorConfigurations.TaskExecutorConfiguration#applicationTaskExecutor matched:
      - @ConditionalOnThreading found PLATFORM (OnThreadingCondition)

   TaskExecutorConfigurations.ThreadPoolTaskExecutorBuilderConfiguration#threadPoolTaskExecutorBuilder matched:
      - @ConditionalOnMissingBean (types: org.springframework.boot.task.ThreadPoolTaskExecutorBuilder; SearchStrategy: all) did not find any beans (OnBeanCondition)

   TemplateEngineConfigurations.DefaultTemplateEngineConfiguration#templateEngine matched:
      - @ConditionalOnMissingBean (types: org.thymeleaf.spring6.ISpringTemplateEngine; SearchStrategy: all) did not find any beans (OnBeanCondition)

   ThymeleafAutoConfiguration matched:
      - @ConditionalOnClass found required classes 'org.thymeleaf.templatemode.TemplateMode', 'org.thymeleaf.spring6.SpringTemplateEngine' (OnClassCondition)

   ThymeleafAutoConfiguration.DefaultTemplateResolverConfiguration matched:
      - @ConditionalOnMissingBean (names: defaultTemplateResolver; SearchStrategy: all) did not find any beans (OnBeanCondition)

   ThymeleafAutoConfiguration.ThymeleafWebMvcConfiguration matched:
      - found 'session' scope (OnWebApplicationCondition)

   ThymeleafAutoConfiguration.ThymeleafWebMvcConfiguration#resourceUrlEncodingFilter matched:
      - @ConditionalOnEnabledResourceChain found class org.webjars.WebJarVersionLocator (OnEnabledResourceChainCondition)
      - @ConditionalOnMissingBean (types: org.springframework.web.servlet.resource.ResourceUrlEncodingFilter; SearchStrategy: all) did not find any beans (OnBeanCondition)

   ThymeleafAutoConfiguration.ThymeleafWebMvcConfiguration.ThymeleafViewResolverConfiguration matched:
      - @ConditionalOnClass found required class 'org.springframework.web.servlet.view.AbstractCachingViewResolver' (OnClassCondition)

   ThymeleafAutoConfiguration.ThymeleafWebMvcConfiguration.ThymeleafViewResolverConfiguration#thymeleafViewResolver matched:
      - @ConditionalOnMissingBean (names: thymeleafViewResolver; SearchStrategy: all) did not find any beans (OnBeanCondition)

   ValidationAutoConfiguration matched:
      - @ConditionalOnClass found required class 'jakarta.validation.executable.ExecutableValidator' (OnClassCondition)
      - @ConditionalOnResource found location classpath:META-INF/services/jakarta.validation.spi.ValidationProvider (OnResourceCondition)

   ValidationAutoConfiguration#defaultValidator matched:
      - @ConditionalOnMissingBean (types: jakarta.validation.Validator; SearchStrategy: all) did not find any beans (OnBeanCondition)

   ValidationAutoConfiguration#methodValidationPostProcessor matched:
      - @ConditionalOnMissingBean (types: org.springframework.validation.beanvalidation.MethodValidationPostProcessor; SearchStrategy: current) did not find any beans (OnBeanCondition)

   WebMvcAutoConfiguration matched:
      - @ConditionalOnClass found required classes 'jakarta.servlet.Servlet', 'org.springframework.web.servlet.DispatcherServlet', 'org.springframework.web.servlet.config.annotation.WebMvcConfigurer' (OnClassCondition)
      - found 'session' scope (OnWebApplicationCondition)
      - @ConditionalOnMissingBean (types: org.springframework.web.servlet.config.annotation.WebMvcConfigurationSupport; SearchStrategy: all) did not find any beans (OnBeanCondition)

   WebMvcAutoConfiguration#formContentFilter matched:
      - @ConditionalOnBooleanProperty (spring.mvc.formcontent.filter.enabled=true) matched (OnPropertyCondition)
      - @ConditionalOnMissingBean (types: org.springframework.web.filter.FormContentFilter; SearchStrategy: all) did not find any beans (OnBeanCondition)

   WebMvcAutoConfiguration.EnableWebMvcConfiguration#flashMapManager matched:
      - @ConditionalOnMissingBean (names: flashMapManager; SearchStrategy: all) did not find any beans (OnBeanCondition)

   WebMvcAutoConfiguration.EnableWebMvcConfiguration#localeResolver matched:
      - @ConditionalOnMissingBean (names: localeResolver; SearchStrategy: all) did not find any beans (OnBeanCondition)

   WebMvcAutoConfiguration.EnableWebMvcConfiguration#viewNameTranslator matched:
      - @ConditionalOnMissingBean (names: viewNameTranslator; SearchStrategy: all) did not find any beans (OnBeanCondition)

   WebMvcAutoConfiguration.ResourceChainCustomizerConfiguration matched:
      - @ConditionalOnEnabledResourceChain found class org.webjars.WebJarVersionLocator (OnEnabledResourceChainCondition)

   WebMvcAutoConfiguration.WebMvcAutoConfigurationAdapter#defaultViewResolver matched:
      - @ConditionalOnMissingBean (types: org.springframework.web.servlet.view.InternalResourceViewResolver; SearchStrategy: all) did not find any beans (OnBeanCondition)

   WebMvcAutoConfiguration.WebMvcAutoConfigurationAdapter#requestContextFilter matched:
      - @ConditionalOnMissingBean (types: org.springframework.web.context.request.RequestContextListener,org.springframework.web.filter.RequestContextFilter; SearchStrategy: all) did not find any beans (OnBeanCondition)

   WebMvcAutoConfiguration.WebMvcAutoConfigurationAdapter#viewResolver matched:
      - @ConditionalOnBean (types: org.springframework.web.servlet.ViewResolver; SearchStrategy: all) found beans 'defaultViewResolver', 'beanNameViewResolver', 'mvcViewResolver'; @ConditionalOnMissingBean (names: viewResolver types: org.springframework.web.servlet.view.ContentNegotiatingViewResolver; SearchStrategy: all) did not find any beans (OnBeanCondition)


Negative matches:
-----------------

   ErrorMvcAutoConfiguration.DefaultErrorViewResolverConfiguration#conventionErrorViewResolver:
      Did not match:
         - @ConditionalOnBean (types: org.springframework.web.servlet.DispatcherServlet; SearchStrategy: all) did not find any beans of type org.springframework.web.servlet.DispatcherServlet (OnBeanCondition)

   GsonHttpMessageConvertersConfiguration:
      Did not match:
         - @ConditionalOnClass did not find required class 'com.google.gson.Gson' (OnClassCondition)

   Jackson2HttpMessageConvertersConfiguration.MappingJackson2HttpMessageConverterConfiguration:
      Did not match:
         - @ConditionalOnClass did not find required class 'com.fasterxml.jackson.databind.ObjectMapper' (OnClassCondition)

   Jackson2HttpMessageConvertersConfiguration.MappingJackson2XmlHttpMessageConverterConfiguration:
      Did not match:
         - @ConditionalOnClass did not find required class 'com.fasterxml.jackson.dataformat.xml.XmlMapper' (OnClassCondition)

   JacksonAutoConfiguration.CborConfiguration:
      Did not match:
         - @ConditionalOnClass did not find required class 'tools.jackson.dataformat.cbor.CBORMapper' (OnClassCondition)

   JacksonAutoConfiguration.XmlConfiguration:
      Did not match:
         - @ConditionalOnClass did not find required class 'tools.jackson.dataformat.xml.XmlMapper' (OnClassCondition)

   JacksonHttpMessageConvertersConfiguration.JacksonXmlHttpMessageConverterConfiguration:
      Did not match:
         - @ConditionalOnClass did not find required class 'tools.jackson.dataformat.xml.XmlMapper' (OnClassCondition)

   JsonbHttpMessageConvertersConfiguration:
      Did not match:
         - @ConditionalOnClass did not find required class 'jakarta.json.bind.Jsonb' (OnClassCondition)

   KotlinSerializationHttpMessageConvertersConfiguration:
      Did not match:
         - @ConditionalOnClass did not find required classes 'kotlinx.serialization.Serializable', 'kotlinx.serialization.json.Json' (OnClassCondition)

   MessageSourceAutoConfiguration:
      Did not match:
         - ResourceBundle did not find bundle with basename messages (MessageSourceAutoConfiguration.ResourceBundleCondition)

   MockMvcWebClientAutoConfiguration:
      Did not match:
         - @ConditionalOnClass did not find required class 'org.htmlunit.WebClient' (OnClassCondition)

   MockMvcWebDriverAutoConfiguration:
      Did not match:
         - @ConditionalOnClass did not find required class 'org.openqa.selenium.htmlunit.HtmlUnitDriver' (OnClassCondition)

   TaskExecutorConfigurations.AsyncConfigurerWrapperConfiguration:
      Did not match:
         - @ConditionalOnBean (types: org.springframework.scheduling.annotation.AsyncConfigurer; SearchStrategy: all) did not find any beans of type org.springframework.scheduling.annotation.AsyncConfigurer (OnBeanCondition)

   TaskExecutorConfigurations.SimpleAsyncTaskExecutorBuilderConfiguration#simpleAsyncTaskExecutorBuilderVirtualThreads:
      Did not match:
         - @ConditionalOnMissingBean (types: org.springframework.boot.task.SimpleAsyncTaskExecutorBuilder; SearchStrategy: all) found beans of type 'org.springframework.boot.task.SimpleAsyncTaskExecutorBuilder' simpleAsyncTaskExecutorBuilder (OnBeanCondition)

   TaskExecutorConfigurations.TaskExecutorConfiguration#applicationTaskExecutorVirtualThreads:
      Did not match:
         - @ConditionalOnThreading did not find VIRTUAL (OnThreadingCondition)

   TaskExecutorConfigurations.TaskExecutorContextPropagationConfiguration:
      Did not match:
         - @ConditionalOnClass did not find required class 'io.micrometer.context.ContextSnapshot' (OnClassCondition)

   TemplateEngineConfigurations.ReactiveTemplateEngineConfiguration:
      Did not match:
         - did not find reactive web application classes (OnWebApplicationCondition)

   ThymeleafAutoConfiguration.DataAttributeDialectConfiguration:
      Did not match:
         - @ConditionalOnClass did not find required class 'com.github.mxab.thymeleaf.extras.dataattribute.dialect.DataAttributeDialect' (OnClassCondition)

   ThymeleafAutoConfiguration.ThymeleafSecurityDialectConfiguration:
      Did not match:
         - @ConditionalOnClass did not find required classes 'org.thymeleaf.extras.springsecurity6.dialect.SpringSecurityDialect', 'org.springframework.security.web.server.csrf.CsrfToken' (OnClassCondition)

   ThymeleafAutoConfiguration.ThymeleafWebFluxConfiguration:
      Did not match:
         - did not find reactive web application classes (OnWebApplicationCondition)

   ThymeleafAutoConfiguration.ThymeleafWebLayoutConfiguration:
      Did not match:
         - @ConditionalOnClass did not find required class 'nz.net.ultraq.thymeleaf.layoutdialect.LayoutDialect' (OnClassCondition)

   WebMvcAutoConfiguration#hiddenHttpMethodFilter:
      Did not match:
         - @ConditionalOnBooleanProperty (spring.mvc.hiddenmethod.filter.enabled=true) did not find property 'spring.mvc.hiddenmethod.filter.enabled' (OnPropertyCondition)

   WebMvcAutoConfiguration.ProblemDetailsErrorHandlingConfiguration:
      Did not match:
         - @ConditionalOnBooleanProperty (spring.mvc.problemdetails.enabled=true) did not find property 'spring.mvc.problemdetails.enabled' (OnPropertyCondition)

   WebMvcAutoConfiguration.WebMvcAutoConfigurationAdapter#beanNameViewResolver:
      Did not match:
         - @ConditionalOnMissingBean (types: org.springframework.web.servlet.view.BeanNameViewResolver; SearchStrategy: all) found beans of type 'org.springframework.web.servlet.view.BeanNameViewResolver' beanNameViewResolver (OnBeanCondition)


Exclusions:
-----------

    None


Unconditional classes:
----------------------

    None



2026-09-22 09:22:55 - Started HelloControllerMVCTests in 0.252 seconds (process running for 6.451)
2026-09-22 09:22:55 - Mapped to es.unizar.webeng.hello.controller.HelloApiController#helloApi(String)
2026-09-22 09:22:55 - Using 'application/json', given [*/*] and supported [application/json]
2026-09-22 09:22:55 - Writing [{message=Hello, Test!, timestamp=2026-09-22T07:22:55.886768760Z}]

MockHttpServletRequest:
      HTTP Method = GET
      Request URI = /api/hello
       Parameters = {name=[Test]}
          Headers = []
             Body = null
    Session Attrs = {}

Handler:
             Type = es.unizar.webeng.hello.controller.HelloApiController
           Method = es.unizar.webeng.hello.controller.HelloApiController#helloApi(String)

Async:
    Async started = false
     Async result = null

Resolved Exception:
             Type = null

ModelAndView:
        View name = null
             View = null
            Model = null

FlashMap:
       Attributes = null

MockHttpServletResponse:
           Status = 200
    Error message = null
          Headers = [Content-Type:"application/json"]
     Content type = application/json
             Body = {"message":"Hello, Test!","timestamp":"2026-09-22T07:22:55.886768760Z"}
    Forwarded URL = null
   Redirected URL = null
          Cookies = []
2026-09-22 09:22:55 - Mapped to es.unizar.webeng.hello.controller.TimeDependingController#greetingTime(String)
2026-09-22 09:22:55 - Using 'application/json', given [*/*] and supported [application/json]
2026-09-22 09:22:55 - Writing [{message=Buenos días, Raul, timestamp=2026-09-22T09:22:55.966776554+02:00[Europe/Madrid]}]
2026-09-22 09:22:55 - Mapped to es.unizar.webeng.hello.controller.HelloController#welcome(Model, String)
2026-09-22 09:22:55 - Selected '*/*' given [*/*]

MockHttpServletRequest:
      HTTP Method = GET
      Request URI = /
       Parameters = {}
          Headers = []
             Body = null
    Session Attrs = {}

Handler:
             Type = es.unizar.webeng.hello.controller.HelloController
           Method = es.unizar.webeng.hello.controller.HelloController#welcome(Model, String)

Async:
    Async started = false
     Async result = null

Resolved Exception:
             Type = null

ModelAndView:
        View name = welcome
             View = null
        Attribute = message
            value = Welcome to the Modern Web App!
        Attribute = name
            value = 
        Attribute = timestamp
            value = 22 de septiembre de 2026, 09:22

FlashMap:
       Attributes = null

MockHttpServletResponse:
           Status = 200
    Error message = null
          Headers = [Content-Language:"en", Content-Type:"text/html;charset=UTF-8"]
     Content type = text/html;charset=UTF-8
             Body = <!DOCTYPE html>
<html lang="en">
<head>
    <meta charset="UTF-8">
    <meta name="viewport" content="width=device-width, initial-scale=1.0">
    <title>Modern Web App</title>
    <link href="/webjars/bootstrap/5.3.8/css/bootstrap.min.css"
          rel="stylesheet"
          crossorigin="anonymous">
    <link rel="icon" type="image/svg+xml" href="/assets/logo.svg">
    <link href="/css/styles.css" rel="stylesheet">
</head>
<body class="bg-light">
    <nav class="navbar navbar-expand-lg navbar-dark bg-primary">
        <div class="container">
            <a class="navbar-brand" href="/">
                <img src="/assets/logo.svg" alt="Universidad Zaragoza Logo" class="me-2 navbar-logo">
                Modern Web App
            </a>
            <div class="navbar-nav ms-auto">
                <a class="nav-link" href="/actuator/health" target="_blank">Health</a>
                <a class="nav-link" href="/api/hello">API</a>
            </div>
        </div>
    </nav>

    <div class="container my-5">
        <div class="row justify-content-center">
            <div class="col-lg-8">
                <div class="card shadow">
                    <div class="card-body text-center p-5">
                        <img class="d-block mx-auto mb-4 main-logo" src="/assets/logo.svg" alt="Universidad Zaragoza Logo">
                        <h1 class="display-4 fw-bold text-primary mb-4">Welcome to Modern Web App</h1>
                        <p class="lead mb-4">Welcome to the Modern Web App!</p>
                        <p class="lead mb-4">22 de septiembre de 2026, 09:22</p>

                        <!-- HTTP Debug Section -->
                        <div class="row mt-4">
                            <div class="col-12">
                                <div class="card">
                                    <div class="card-header bg-info text-white">
                                        <h5 class="card-title mb-0">
                                            <i class="bi bi-code-slash"></i> Interactive HTTP Testing & Debug
                                            <small class="float-end">Client-Side Educational Tool</small>
                                        </h5>
                                    </div>
                                    <div class="card-body">
                                        <p class="text-muted mb-3">
                                            This section demonstrates HTTP requests and responses using JavaScript Fetch API. 
                                            All interactions below will show real HTTP communication in action!
                                        </p>
                                        
                                        <!-- Interactive HTTP Testing -->
                                        <div class="row mb-4">
                                            <div class="col-md-4">
                                                <div class="card">
                                                    <div class="card-body">
                                                        <h6 class="card-title">Web Page Greeting</h6>
                                                        <p class="small text-muted">Test the main web page with personalized greeting</p>
                                                        <div class="mb-3">
                                                            <input type="text" id="webName" class="form-control" placeholder="Enter your name" value="">
                                                        </div>
                                                        <button id="testWebBtn" class="btn btn-primary w-100">Test Web Page</button>
                                                    </div>
                                                </div>
                                            </div>
                                            <div class="col-md-4">
                                                <div class="card">
                                                    <div class="card-body">
                                                         <h6 class="card-title">API Endpoints</h6>
                                                        <p class="small text-muted">Test the REST API with JSON response</p>
                                                        <div class="mb-3">
                                                            <input type="text" id="apiName" class="form-control" placeholder="Enter name (optional)" value="Student">
                                                        </div>
                                                        <button id="testApiBtn" class="btn btn-success w-100">Test /api/hello</button>
                                                    </div>
                                                </div>
                                            </div>
                                            <div class="col-md-4">
                                                <div class="card">
                                                    <div class="card-body">
                                                        <h6 class="card-title">Health Check</h6>
                                                        <p class="small text-muted">Test the application health endpoint</p>
                                                        <div class="mb-3">
                                                            <button id="testHealthBtn" class="btn btn-warning w-100">Test /actuator/health</button>
                                                        </div>
                                                        <button id="openDevToolsBtn" class="btn btn-outline-info w-100">How to Open Dev Tools</button>
                                                    </div>
                                                </div>
                                            </div>
                                        </div>
                                        
                                        <!-- HTTP Request/Response Display -->
                                        <div class="row">
                                            <div class="col-md-6">
                                                <h6 class="text-primary text-start">
                                                    <i class="bi bi-arrow-right-circle"></i> HTTP Request
                                                </h6>
                                                <div id="requestInfo" class="bg-light p-3 rounded text-start http-debug-request">
                                                    <div class="text-muted">Click a test button above to see HTTP request details...</div>
                                                </div>
                                            </div>
                                            
                                            <div class="col-md-6">
                                                <h6 class="text-success text-start">
                                                    <i class="bi bi-arrow-left-circle"></i> HTTP Response
                                                </h6>
                                                <div id="responseInfo" class="bg-light p-3 rounded text-start http-debug-response">
                                                    <div class="text-muted">Click a test button above to see HTTP response details...</div>
                                                </div>
                                            </div>
                                        </div>
                                        
                                        <div class="mt-3">
                                            <div class="alert alert-info text-start">
                                                <h6 class="alert-heading text-start">
                                                    <i class="bi bi-lightbulb"></i> Learning Notes:
                                                </h6>
                                                <ul class="mb-0 text-start">
                                                    <li><strong>Fetch API:</strong> Modern JavaScript way to make HTTP requests</li>
                                                    <li><strong>Promise-based:</strong> Asynchronous operations using .then() and async/await</li>
                                                    <li><strong>JSON Response:</strong> API endpoints return structured data</li>
                                                    <li><strong>Status Codes:</strong> 200 = success, 404 = not found, 500 = server error</li>
                                                    <li><strong>Headers:</strong> Metadata sent with every request and response</li>
                                                </ul>
                                            </div>
                                        </div>
                                    </div>
                                </div>
                            </div>
                        </div>
                    </div>
                </div>
            </div>
        </div>
    </div>

    <footer class="bg-dark text-light text-center py-3 mt-5">
        <div class="container">
            <p class="mb-0">&copy; 2026 Modern Web App. Built with Spring Boot 4.1.0 & Kotlin 2.4.0</p>
        </div>
    </footer>

    <script src="/webjars/bootstrap/5.3.8/js/bootstrap.bundle.min.js"
            crossorigin="anonymous"></script>
    
    <!-- HTTP Debug JavaScript -->
    <script src="/js/http-debug.js"></script>
    
    <!-- LiveReload Script for Development -->
    <script>
        // LiveReload script with error handling
        (function() {
            var script = document.createElement('script');
            script.src = 'http://localhost:35729/livereload.js';
            script.onerror = function() {
                console.log('LiveReload not available');
            };
            document.head.appendChild(script);
        })();
    </script>
</body>
</html>
    Forwarded URL = null
   Redirected URL = null
          Cookies = []
2026-09-22 09:22:56 - Mapped to es.unizar.webeng.hello.controller.HelloController#welcome(Model, String)
2026-09-22 09:22:56 - Selected '*/*' given [*/*]

MockHttpServletRequest:
      HTTP Method = GET
      Request URI = /
       Parameters = {name=[Developer]}
          Headers = []
             Body = null
    Session Attrs = {}

Handler:
             Type = es.unizar.webeng.hello.controller.HelloController
           Method = es.unizar.webeng.hello.controller.HelloController#welcome(Model, String)

Async:
    Async started = false
     Async result = null

Resolved Exception:
             Type = null

ModelAndView:
        View name = welcome
             View = null
        Attribute = message
            value = Buenos días, Developer!
        Attribute = name
            value = Developer
        Attribute = timestamp
            value = 22 de septiembre de 2026, 09:22

FlashMap:
       Attributes = null

MockHttpServletResponse:
           Status = 200
    Error message = null
          Headers = [Content-Language:"en", Content-Type:"text/html;charset=UTF-8"]
     Content type = text/html;charset=UTF-8
             Body = <!DOCTYPE html>
<html lang="en">
<head>
    <meta charset="UTF-8">
    <meta name="viewport" content="width=device-width, initial-scale=1.0">
    <title>Modern Web App</title>
    <link href="/webjars/bootstrap/5.3.8/css/bootstrap.min.css"
          rel="stylesheet"
          crossorigin="anonymous">
    <link rel="icon" type="image/svg+xml" href="/assets/logo.svg">
    <link href="/css/styles.css" rel="stylesheet">
</head>
<body class="bg-light">
    <nav class="navbar navbar-expand-lg navbar-dark bg-primary">
        <div class="container">
            <a class="navbar-brand" href="/">
                <img src="/assets/logo.svg" alt="Universidad Zaragoza Logo" class="me-2 navbar-logo">
                Modern Web App
            </a>
            <div class="navbar-nav ms-auto">
                <a class="nav-link" href="/actuator/health" target="_blank">Health</a>
                <a class="nav-link" href="/api/hello">API</a>
            </div>
        </div>
    </nav>

    <div class="container my-5">
        <div class="row justify-content-center">
            <div class="col-lg-8">
                <div class="card shadow">
                    <div class="card-body text-center p-5">
                        <img class="d-block mx-auto mb-4 main-logo" src="/assets/logo.svg" alt="Universidad Zaragoza Logo">
                        <h1 class="display-4 fw-bold text-primary mb-4">Welcome to Modern Web App</h1>
                        <p class="lead mb-4">Buenos días, Developer!</p>
                        <p class="lead mb-4">22 de septiembre de 2026, 09:22</p>

                        <!-- HTTP Debug Section -->
                        <div class="row mt-4">
                            <div class="col-12">
                                <div class="card">
                                    <div class="card-header bg-info text-white">
                                        <h5 class="card-title mb-0">
                                            <i class="bi bi-code-slash"></i> Interactive HTTP Testing & Debug
                                            <small class="float-end">Client-Side Educational Tool</small>
                                        </h5>
                                    </div>
                                    <div class="card-body">
                                        <p class="text-muted mb-3">
                                            This section demonstrates HTTP requests and responses using JavaScript Fetch API. 
                                            All interactions below will show real HTTP communication in action!
                                        </p>
                                        
                                        <!-- Interactive HTTP Testing -->
                                        <div class="row mb-4">
                                            <div class="col-md-4">
                                                <div class="card">
                                                    <div class="card-body">
                                                        <h6 class="card-title">Web Page Greeting</h6>
                                                        <p class="small text-muted">Test the main web page with personalized greeting</p>
                                                        <div class="mb-3">
                                                            <input type="text" id="webName" class="form-control" placeholder="Enter your name" value="Developer">
                                                        </div>
                                                        <button id="testWebBtn" class="btn btn-primary w-100">Test Web Page</button>
                                                    </div>
                                                </div>
                                            </div>
                                            <div class="col-md-4">
                                                <div class="card">
                                                    <div class="card-body">
                                                         <h6 class="card-title">API Endpoints</h6>
                                                        <p class="small text-muted">Test the REST API with JSON response</p>
                                                        <div class="mb-3">
                                                            <input type="text" id="apiName" class="form-control" placeholder="Enter name (optional)" value="Student">
                                                        </div>
                                                        <button id="testApiBtn" class="btn btn-success w-100">Test /api/hello</button>
                                                    </div>
                                                </div>
                                            </div>
                                            <div class="col-md-4">
                                                <div class="card">
                                                    <div class="card-body">
                                                        <h6 class="card-title">Health Check</h6>
                                                        <p class="small text-muted">Test the application health endpoint</p>
                                                        <div class="mb-3">
                                                            <button id="testHealthBtn" class="btn btn-warning w-100">Test /actuator/health</button>
                                                        </div>
                                                        <button id="openDevToolsBtn" class="btn btn-outline-info w-100">How to Open Dev Tools</button>
                                                    </div>
                                                </div>
                                            </div>
                                        </div>
                                        
                                        <!-- HTTP Request/Response Display -->
                                        <div class="row">
                                            <div class="col-md-6">
                                                <h6 class="text-primary text-start">
                                                    <i class="bi bi-arrow-right-circle"></i> HTTP Request
                                                </h6>
                                                <div id="requestInfo" class="bg-light p-3 rounded text-start http-debug-request">
                                                    <div class="text-muted">Click a test button above to see HTTP request details...</div>
                                                </div>
                                            </div>
                                            
                                            <div class="col-md-6">
                                                <h6 class="text-success text-start">
                                                    <i class="bi bi-arrow-left-circle"></i> HTTP Response
                                                </h6>
                                                <div id="responseInfo" class="bg-light p-3 rounded text-start http-debug-response">
                                                    <div class="text-muted">Click a test button above to see HTTP response details...</div>
                                                </div>
                                            </div>
                                        </div>
                                        
                                        <div class="mt-3">
                                            <div class="alert alert-info text-start">
                                                <h6 class="alert-heading text-start">
                                                    <i class="bi bi-lightbulb"></i> Learning Notes:
                                                </h6>
                                                <ul class="mb-0 text-start">
                                                    <li><strong>Fetch API:</strong> Modern JavaScript way to make HTTP requests</li>
                                                    <li><strong>Promise-based:</strong> Asynchronous operations using .then() and async/await</li>
                                                    <li><strong>JSON Response:</strong> API endpoints return structured data</li>
                                                    <li><strong>Status Codes:</strong> 200 = success, 404 = not found, 500 = server error</li>
                                                    <li><strong>Headers:</strong> Metadata sent with every request and response</li>
                                                </ul>
                                            </div>
                                        </div>
                                    </div>
                                </div>
                            </div>
                        </div>
                    </div>
                </div>
            </div>
        </div>
    </div>

    <footer class="bg-dark text-light text-center py-3 mt-5">
        <div class="container">
            <p class="mb-0">&copy; 2026 Modern Web App. Built with Spring Boot 4.1.0 & Kotlin 2.4.0</p>
        </div>
    </footer>

    <script src="/webjars/bootstrap/5.3.8/js/bootstrap.bundle.min.js"
            crossorigin="anonymous"></script>
    
    <!-- HTTP Debug JavaScript -->
    <script src="/js/http-debug.js"></script>
    
    <!-- LiveReload Script for Development -->
    <script>
        // LiveReload script with error handling
        (function() {
            var script = document.createElement('script');
            script.src = 'http://localhost:35729/livereload.js';
            script.onerror = function() {
                console.log('LiveReload not available');
            };
            document.head.appendChild(script);
        })();
    </script>
</body>
</html>
    Forwarded URL = null
   Redirected URL = null
          Cookies = []
]]></system-out>
  <system-err><![CDATA[]]></system-err>
</testsuite>
